<?xml version="1.0" encoding="UTF-8"?>
<!-- Generated by org.testng.reporters.JUnitReportReporter -->
<testsuite hostname="pwmac112" failures="0" tests="1" name="First.Demo1.LandingPageTest" time="3.917" errors="0" timestamp="2025-01-01T00:31:49 IST" skipped="0">
  <testcase classname="First.Demo1.LandingPageTest" name="testFormSubmission" time="3.917"/>
</testsuite> <!-- First.Demo1.LandingPageTest -->
